<?xml version="1.0" encoding="UTF-8"?>
<!-- Generated by org.testng.reporters.JUnitXMLReporter -->
<testsuite ignored="0" hostname="DESKTOP-KFF6RM1" failures="35" tests="104" name="Default test" time="1444.12" errors="0" timestamp="2022-10-07T12:34:18 WIB">
  <testcase classname="io.cucumber.testng.AbstractTestNGCucumberTests" name="runScenario" time="18.182"/>
  <testcase classname="io.cucumber.testng.AbstractTestNGCucumberTests" name="runScenario" time="12.687">
    <failure type="java.lang.AssertionError" message="expected [Aditya] but found [ADIT]">
      <![CDATA[java.lang.AssertionError: expected [Aditya] but found [ADIT]
at org.testng.Assert.fail(Assert.java:110)
at org.testng.Assert.failNotEquals(Assert.java:1413)
at org.testng.Assert.assertEqualsImpl(Assert.java:149)
at org.testng.Assert.assertEquals(Assert.java:131)
at org.testng.Assert.assertEquals(Assert.java:655)
at org.testng.Assert.assertEquals(Assert.java:665)
at cucumber.framework.runner.siloam.ttddigital.TestTTDPageKombinasiLima.siloam120_validasi_data_tersimpan_dan_form_ter_update(TestTTDPageKombinasiLima.java:130)
at ✽.Siloam120 Validasi Data Tersimpan Dan Form Ter-update(file:///C:/Users/NEXSOFT/Documents/GitHub/TA_SQA/TA-SQUAD-AKP/src/test/resources/Features/Siloam/120UpdateDataSalesLimaKombinasi.feature:16)
]]>
    </failure>
  </testcase> <!-- runScenario -->
  <testcase classname="io.cucumber.testng.AbstractTestNGCucumberTests" name="runScenario" time="10.031">
    <failure type="java.lang.AssertionError" message="expected [Aditya] but found [ADIT]">
      <![CDATA[java.lang.AssertionError: expected [Aditya] but found [ADIT]
at org.testng.Assert.fail(Assert.java:110)
at org.testng.Assert.failNotEquals(Assert.java:1413)
at org.testng.Assert.assertEqualsImpl(Assert.java:149)
at org.testng.Assert.assertEquals(Assert.java:131)
at org.testng.Assert.assertEquals(Assert.java:655)
at org.testng.Assert.assertEquals(Assert.java:665)
at cucumber.framework.runner.siloam.ttddigital.TestTTDPageKombinasiLima.siloam120_validasi_data_tersimpan_dan_form_ter_update(TestTTDPageKombinasiLima.java:130)
at ✽.Siloam120 Validasi Data Tersimpan Dan Form Ter-update(file:///C:/Users/NEXSOFT/Documents/GitHub/TA_SQA/TA-SQUAD-AKP/src/test/resources/Features/Siloam/120UpdateDataSalesLimaKombinasi.feature:16)
]]>
    </failure>
  </testcase> <!-- runScenario -->
  <testcase classname="io.cucumber.testng.AbstractTestNGCucumberTests" name="runScenario" time="11.191">
    <failure type="java.lang.AssertionError" message="expected [Aditya] but found [ADIT]">
      <![CDATA[java.lang.AssertionError: expected [Aditya] but found [ADIT]
at org.testng.Assert.fail(Assert.java:110)
at org.testng.Assert.failNotEquals(Assert.java:1413)
at org.testng.Assert.assertEqualsImpl(Assert.java:149)
at org.testng.Assert.assertEquals(Assert.java:131)
at org.testng.Assert.assertEquals(Assert.java:655)
at org.testng.Assert.assertEquals(Assert.java:665)
at cucumber.framework.runner.siloam.ttddigital.TestTTDPageKombinasiLima.siloam120_validasi_data_tersimpan_dan_form_ter_update(TestTTDPageKombinasiLima.java:130)
at ✽.Siloam120 Validasi Data Tersimpan Dan Form Ter-update(file:///C:/Users/NEXSOFT/Documents/GitHub/TA_SQA/TA-SQUAD-AKP/src/test/resources/Features/Siloam/120UpdateDataSalesLimaKombinasi.feature:16)
]]>
    </failure>
  </testcase> <!-- runScenario -->
  <testcase classname="io.cucumber.testng.AbstractTestNGCucumberTests" name="runScenario" time="9.875">
    <failure type="java.lang.AssertionError" message="expected [Aditya] but found [ADIT]">
      <![CDATA[java.lang.AssertionError: expected [Aditya] but found [ADIT]
at org.testng.Assert.fail(Assert.java:110)
at org.testng.Assert.failNotEquals(Assert.java:1413)
at org.testng.Assert.assertEqualsImpl(Assert.java:149)
at org.testng.Assert.assertEquals(Assert.java:131)
at org.testng.Assert.assertEquals(Assert.java:655)
at org.testng.Assert.assertEquals(Assert.java:665)
at cucumber.framework.runner.siloam.ttddigital.TestTTDPageKombinasiLima.siloam120_validasi_data_tersimpan_dan_form_ter_update(TestTTDPageKombinasiLima.java:130)
at ✽.Siloam120 Validasi Data Tersimpan Dan Form Ter-update(file:///C:/Users/NEXSOFT/Documents/GitHub/TA_SQA/TA-SQUAD-AKP/src/test/resources/Features/Siloam/120UpdateDataSalesLimaKombinasi.feature:16)
]]>
    </failure>
  </testcase> <!-- runScenario -->
  <testcase classname="io.cucumber.testng.AbstractTestNGCucumberTests" name="runScenario" time="11.27">
    <failure type="java.lang.AssertionError" message="expected [Aditya] but found [ADIT]">
      <![CDATA[java.lang.AssertionError: expected [Aditya] but found [ADIT]
at org.testng.Assert.fail(Assert.java:110)
at org.testng.Assert.failNotEquals(Assert.java:1413)
at org.testng.Assert.assertEqualsImpl(Assert.java:149)
at org.testng.Assert.assertEquals(Assert.java:131)
at org.testng.Assert.assertEquals(Assert.java:655)
at org.testng.Assert.assertEquals(Assert.java:665)
at cucumber.framework.runner.siloam.ttddigital.TestTTDPageKombinasiLima.siloam120_validasi_data_tersimpan_dan_form_ter_update(TestTTDPageKombinasiLima.java:130)
at ✽.Siloam120 Validasi Data Tersimpan Dan Form Ter-update(file:///C:/Users/NEXSOFT/Documents/GitHub/TA_SQA/TA-SQUAD-AKP/src/test/resources/Features/Siloam/120UpdateDataSalesLimaKombinasi.feature:16)
]]>
    </failure>
  </testcase> <!-- runScenario -->
  <testcase classname="io.cucumber.testng.AbstractTestNGCucumberTests" name="runScenario" time="13.977">
    <failure type="java.lang.AssertionError" message="expected [Aditya] but found [ADIT]">
      <![CDATA[java.lang.AssertionError: expected [Aditya] but found [ADIT]
at org.testng.Assert.fail(Assert.java:110)
at org.testng.Assert.failNotEquals(Assert.java:1413)
at org.testng.Assert.assertEqualsImpl(Assert.java:149)
at org.testng.Assert.assertEquals(Assert.java:131)
at org.testng.Assert.assertEquals(Assert.java:655)
at org.testng.Assert.assertEquals(Assert.java:665)
at cucumber.framework.runner.siloam.ttddigital.TestTTDPageKombinasiLima.siloam120_validasi_data_tersimpan_dan_form_ter_update(TestTTDPageKombinasiLima.java:130)
at ✽.Siloam120 Validasi Data Tersimpan Dan Form Ter-update(file:///C:/Users/NEXSOFT/Documents/GitHub/TA_SQA/TA-SQUAD-AKP/src/test/resources/Features/Siloam/120UpdateDataSalesLimaKombinasi.feature:16)
]]>
    </failure>
  </testcase> <!-- runScenario -->
  <testcase classname="io.cucumber.testng.AbstractTestNGCucumberTests" name="runScenario" time="13.074">
    <failure type="java.lang.AssertionError" message="expected [Aditya] but found [ADIT]">
      <![CDATA[java.lang.AssertionError: expected [Aditya] but found [ADIT]
at org.testng.Assert.fail(Assert.java:110)
at org.testng.Assert.failNotEquals(Assert.java:1413)
at org.testng.Assert.assertEqualsImpl(Assert.java:149)
at org.testng.Assert.assertEquals(Assert.java:131)
at org.testng.Assert.assertEquals(Assert.java:655)
at org.testng.Assert.assertEquals(Assert.java:665)
at cucumber.framework.runner.siloam.ttddigital.TestTTDPageKombinasiLima.siloam120_validasi_data_tersimpan_dan_form_ter_update(TestTTDPageKombinasiLima.java:130)
at ✽.Siloam120 Validasi Data Tersimpan Dan Form Ter-update(file:///C:/Users/NEXSOFT/Documents/GitHub/TA_SQA/TA-SQUAD-AKP/src/test/resources/Features/Siloam/120UpdateDataSalesLimaKombinasi.feature:16)
]]>
    </failure>
  </testcase> <!-- runScenario -->
  <testcase classname="io.cucumber.testng.AbstractTestNGCucumberTests" name="runScenario" time="12.076">
    <failure type="java.lang.AssertionError" message="expected [Aditya] but found [ADIT]">
      <![CDATA[java.lang.AssertionError: expected [Aditya] but found [ADIT]
at org.testng.Assert.fail(Assert.java:110)
at org.testng.Assert.failNotEquals(Assert.java:1413)
at org.testng.Assert.assertEqualsImpl(Assert.java:149)
at org.testng.Assert.assertEquals(Assert.java:131)
at org.testng.Assert.assertEquals(Assert.java:655)
at org.testng.Assert.assertEquals(Assert.java:665)
at cucumber.framework.runner.siloam.ttddigital.TestTTDPageKombinasiLima.siloam120_validasi_data_tersimpan_dan_form_ter_update(TestTTDPageKombinasiLima.java:130)
at ✽.Siloam120 Validasi Data Tersimpan Dan Form Ter-update(file:///C:/Users/NEXSOFT/Documents/GitHub/TA_SQA/TA-SQUAD-AKP/src/test/resources/Features/Siloam/120UpdateDataSalesLimaKombinasi.feature:16)
]]>
    </failure>
  </testcase> <!-- runScenario -->
  <testcase classname="io.cucumber.testng.AbstractTestNGCucumberTests" name="runScenario" time="11.574">
    <failure type="java.lang.AssertionError" message="expected [Aditya] but found [ADIT]">
      <![CDATA[java.lang.AssertionError: expected [Aditya] but found [ADIT]
at org.testng.Assert.fail(Assert.java:110)
at org.testng.Assert.failNotEquals(Assert.java:1413)
at org.testng.Assert.assertEqualsImpl(Assert.java:149)
at org.testng.Assert.assertEquals(Assert.java:131)
at org.testng.Assert.assertEquals(Assert.java:655)
at org.testng.Assert.assertEquals(Assert.java:665)
at cucumber.framework.runner.siloam.ttddigital.TestTTDPageKombinasiLima.siloam120_validasi_data_tersimpan_dan_form_ter_update(TestTTDPageKombinasiLima.java:130)
at ✽.Siloam120 Validasi Data Tersimpan Dan Form Ter-update(file:///C:/Users/NEXSOFT/Documents/GitHub/TA_SQA/TA-SQUAD-AKP/src/test/resources/Features/Siloam/120UpdateDataSalesLimaKombinasi.feature:16)
]]>
    </failure>
  </testcase> <!-- runScenario -->
  <testcase classname="io.cucumber.testng.AbstractTestNGCucumberTests" name="runScenario" time="14.337">
    <failure type="java.lang.AssertionError" message="expected [Aditya] but found [ADIT]">
      <![CDATA[java.lang.AssertionError: expected [Aditya] but found [ADIT]
at org.testng.Assert.fail(Assert.java:110)
at org.testng.Assert.failNotEquals(Assert.java:1413)
at org.testng.Assert.assertEqualsImpl(Assert.java:149)
at org.testng.Assert.assertEquals(Assert.java:131)
at org.testng.Assert.assertEquals(Assert.java:655)
at org.testng.Assert.assertEquals(Assert.java:665)
at cucumber.framework.runner.siloam.ttddigital.TestTTDPageKombinasiLima.siloam120_validasi_data_tersimpan_dan_form_ter_update(TestTTDPageKombinasiLima.java:130)
at ✽.Siloam120 Validasi Data Tersimpan Dan Form Ter-update(file:///C:/Users/NEXSOFT/Documents/GitHub/TA_SQA/TA-SQUAD-AKP/src/test/resources/Features/Siloam/120UpdateDataSalesLimaKombinasi.feature:16)
]]>
    </failure>
  </testcase> <!-- runScenario -->
  <testcase classname="io.cucumber.testng.AbstractTestNGCucumberTests" name="runScenario" time="12.76">
    <failure type="java.lang.AssertionError" message="expected [Aditya] but found [ADIT]">
      <![CDATA[java.lang.AssertionError: expected [Aditya] but found [ADIT]
at org.testng.Assert.fail(Assert.java:110)
at org.testng.Assert.failNotEquals(Assert.java:1413)
at org.testng.Assert.assertEqualsImpl(Assert.java:149)
at org.testng.Assert.assertEquals(Assert.java:131)
at org.testng.Assert.assertEquals(Assert.java:655)
at org.testng.Assert.assertEquals(Assert.java:665)
at cucumber.framework.runner.siloam.ttddigital.TestTTDPageKombinasiLima.siloam120_validasi_data_tersimpan_dan_form_ter_update(TestTTDPageKombinasiLima.java:130)
at ✽.Siloam120 Validasi Data Tersimpan Dan Form Ter-update(file:///C:/Users/NEXSOFT/Documents/GitHub/TA_SQA/TA-SQUAD-AKP/src/test/resources/Features/Siloam/120UpdateDataSalesLimaKombinasi.feature:16)
]]>
    </failure>
  </testcase> <!-- runScenario -->
  <testcase classname="io.cucumber.testng.AbstractTestNGCucumberTests" name="runScenario" time="12.474">
    <failure type="java.lang.AssertionError" message="expected [Aditya] but found [ADIT]">
      <![CDATA[java.lang.AssertionError: expected [Aditya] but found [ADIT]
at org.testng.Assert.fail(Assert.java:110)
at org.testng.Assert.failNotEquals(Assert.java:1413)
at org.testng.Assert.assertEqualsImpl(Assert.java:149)
at org.testng.Assert.assertEquals(Assert.java:131)
at org.testng.Assert.assertEquals(Assert.java:655)
at org.testng.Assert.assertEquals(Assert.java:665)
at cucumber.framework.runner.siloam.ttddigital.TestTTDPageKombinasiLima.siloam120_validasi_data_tersimpan_dan_form_ter_update(TestTTDPageKombinasiLima.java:130)
at ✽.Siloam120 Validasi Data Tersimpan Dan Form Ter-update(file:///C:/Users/NEXSOFT/Documents/GitHub/TA_SQA/TA-SQUAD-AKP/src/test/resources/Features/Siloam/120UpdateDataSalesLimaKombinasi.feature:16)
]]>
    </failure>
  </testcase> <!-- runScenario -->
  <testcase classname="io.cucumber.testng.AbstractTestNGCucumberTests" name="runScenario" time="13.036">
    <failure type="java.lang.AssertionError" message="expected [Aditya] but found [ADIT]">
      <![CDATA[java.lang.AssertionError: expected [Aditya] but found [ADIT]
at org.testng.Assert.fail(Assert.java:110)
at org.testng.Assert.failNotEquals(Assert.java:1413)
at org.testng.Assert.assertEqualsImpl(Assert.java:149)
at org.testng.Assert.assertEquals(Assert.java:131)
at org.testng.Assert.assertEquals(Assert.java:655)
at org.testng.Assert.assertEquals(Assert.java:665)
at cucumber.framework.runner.siloam.ttddigital.TestTTDPageKombinasiLima.siloam120_validasi_data_tersimpan_dan_form_ter_update(TestTTDPageKombinasiLima.java:130)
at ✽.Siloam120 Validasi Data Tersimpan Dan Form Ter-update(file:///C:/Users/NEXSOFT/Documents/GitHub/TA_SQA/TA-SQUAD-AKP/src/test/resources/Features/Siloam/120UpdateDataSalesLimaKombinasi.feature:16)
]]>
    </failure>
  </testcase> <!-- runScenario -->
  <testcase classname="io.cucumber.testng.AbstractTestNGCucumberTests" name="runScenario" time="12.887">
    <failure type="java.lang.AssertionError" message="expected [Aditya] but found [ADIT]">
      <![CDATA[java.lang.AssertionError: expected [Aditya] but found [ADIT]
at org.testng.Assert.fail(Assert.java:110)
at org.testng.Assert.failNotEquals(Assert.java:1413)
at org.testng.Assert.assertEqualsImpl(Assert.java:149)
at org.testng.Assert.assertEquals(Assert.java:131)
at org.testng.Assert.assertEquals(Assert.java:655)
at org.testng.Assert.assertEquals(Assert.java:665)
at cucumber.framework.runner.siloam.ttddigital.TestTTDPageKombinasiLima.siloam120_validasi_data_tersimpan_dan_form_ter_update(TestTTDPageKombinasiLima.java:130)
at ✽.Siloam120 Validasi Data Tersimpan Dan Form Ter-update(file:///C:/Users/NEXSOFT/Documents/GitHub/TA_SQA/TA-SQUAD-AKP/src/test/resources/Features/Siloam/120UpdateDataSalesLimaKombinasi.feature:16)
]]>
    </failure>
  </testcase> <!-- runScenario -->
  <testcase classname="io.cucumber.testng.AbstractTestNGCucumberTests" name="runScenario" time="11.681">
    <failure type="java.lang.AssertionError" message="expected [Aditya] but found [ADIT]">
      <![CDATA[java.lang.AssertionError: expected [Aditya] but found [ADIT]
at org.testng.Assert.fail(Assert.java:110)
at org.testng.Assert.failNotEquals(Assert.java:1413)
at org.testng.Assert.assertEqualsImpl(Assert.java:149)
at org.testng.Assert.assertEquals(Assert.java:131)
at org.testng.Assert.assertEquals(Assert.java:655)
at org.testng.Assert.assertEquals(Assert.java:665)
at cucumber.framework.runner.siloam.ttddigital.TestTTDPageKombinasiLima.siloam120_validasi_data_tersimpan_dan_form_ter_update(TestTTDPageKombinasiLima.java:130)
at ✽.Siloam120 Validasi Data Tersimpan Dan Form Ter-update(file:///C:/Users/NEXSOFT/Documents/GitHub/TA_SQA/TA-SQUAD-AKP/src/test/resources/Features/Siloam/120UpdateDataSalesLimaKombinasi.feature:16)
]]>
    </failure>
  </testcase> <!-- runScenario -->
  <testcase classname="io.cucumber.testng.AbstractTestNGCucumberTests" name="runScenario" time="13.265">
    <failure type="java.lang.AssertionError" message="expected [Aditya] but found [ADIT]">
      <![CDATA[java.lang.AssertionError: expected [Aditya] but found [ADIT]
at org.testng.Assert.fail(Assert.java:110)
at org.testng.Assert.failNotEquals(Assert.java:1413)
at org.testng.Assert.assertEqualsImpl(Assert.java:149)
at org.testng.Assert.assertEquals(Assert.java:131)
at org.testng.Assert.assertEquals(Assert.java:655)
at org.testng.Assert.assertEquals(Assert.java:665)
at cucumber.framework.runner.siloam.ttddigital.TestTTDPageKombinasiLima.siloam120_validasi_data_tersimpan_dan_form_ter_update(TestTTDPageKombinasiLima.java:130)
at ✽.Siloam120 Validasi Data Tersimpan Dan Form Ter-update(file:///C:/Users/NEXSOFT/Documents/GitHub/TA_SQA/TA-SQUAD-AKP/src/test/resources/Features/Siloam/120UpdateDataSalesLimaKombinasi.feature:16)
]]>
    </failure>
  </testcase> <!-- runScenario -->
  <testcase classname="io.cucumber.testng.AbstractTestNGCucumberTests" name="runScenario" time="14.196">
    <failure type="java.lang.AssertionError" message="expected [Aditya] but found [ADIT]">
      <![CDATA[java.lang.AssertionError: expected [Aditya] but found [ADIT]
at org.testng.Assert.fail(Assert.java:110)
at org.testng.Assert.failNotEquals(Assert.java:1413)
at org.testng.Assert.assertEqualsImpl(Assert.java:149)
at org.testng.Assert.assertEquals(Assert.java:131)
at org.testng.Assert.assertEquals(Assert.java:655)
at org.testng.Assert.assertEquals(Assert.java:665)
at cucumber.framework.runner.siloam.ttddigital.TestTTDPageKombinasiLima.siloam120_validasi_data_tersimpan_dan_form_ter_update(TestTTDPageKombinasiLima.java:130)
at ✽.Siloam120 Validasi Data Tersimpan Dan Form Ter-update(file:///C:/Users/NEXSOFT/Documents/GitHub/TA_SQA/TA-SQUAD-AKP/src/test/resources/Features/Siloam/120UpdateDataSalesLimaKombinasi.feature:16)
]]>
    </failure>
  </testcase> <!-- runScenario -->
  <testcase classname="io.cucumber.testng.AbstractTestNGCucumberTests" name="runScenario" time="14.14">
    <failure type="java.lang.AssertionError" message="expected [Aditya] but found [ADIT]">
      <![CDATA[java.lang.AssertionError: expected [Aditya] but found [ADIT]
at org.testng.Assert.fail(Assert.java:110)
at org.testng.Assert.failNotEquals(Assert.java:1413)
at org.testng.Assert.assertEqualsImpl(Assert.java:149)
at org.testng.Assert.assertEquals(Assert.java:131)
at org.testng.Assert.assertEquals(Assert.java:655)
at org.testng.Assert.assertEquals(Assert.java:665)
at cucumber.framework.runner.siloam.ttddigital.TestTTDPageKombinasiLima.siloam120_validasi_data_tersimpan_dan_form_ter_update(TestTTDPageKombinasiLima.java:130)
at ✽.Siloam120 Validasi Data Tersimpan Dan Form Ter-update(file:///C:/Users/NEXSOFT/Documents/GitHub/TA_SQA/TA-SQUAD-AKP/src/test/resources/Features/Siloam/120UpdateDataSalesLimaKombinasi.feature:16)
]]>
    </failure>
  </testcase> <!-- runScenario -->
  <testcase classname="io.cucumber.testng.AbstractTestNGCucumberTests" name="runScenario" time="13.053">
    <failure type="java.lang.AssertionError" message="expected [Aditya] but found [ADIT]">
      <![CDATA[java.lang.AssertionError: expected [Aditya] but found [ADIT]
at org.testng.Assert.fail(Assert.java:110)
at org.testng.Assert.failNotEquals(Assert.java:1413)
at org.testng.Assert.assertEqualsImpl(Assert.java:149)
at org.testng.Assert.assertEquals(Assert.java:131)
at org.testng.Assert.assertEquals(Assert.java:655)
at org.testng.Assert.assertEquals(Assert.java:665)
at cucumber.framework.runner.siloam.ttddigital.TestTTDPageKombinasiLima.siloam120_validasi_data_tersimpan_dan_form_ter_update(TestTTDPageKombinasiLima.java:130)
at ✽.Siloam120 Validasi Data Tersimpan Dan Form Ter-update(file:///C:/Users/NEXSOFT/Documents/GitHub/TA_SQA/TA-SQUAD-AKP/src/test/resources/Features/Siloam/120UpdateDataSalesLimaKombinasi.feature:16)
]]>
    </failure>
  </testcase> <!-- runScenario -->
  <testcase classname="io.cucumber.testng.AbstractTestNGCucumberTests" name="runScenario" time="14.407">
    <failure type="java.lang.AssertionError" message="expected [Aditya] but found [ADIT]">
      <![CDATA[java.lang.AssertionError: expected [Aditya] but found [ADIT]
at org.testng.Assert.fail(Assert.java:110)
at org.testng.Assert.failNotEquals(Assert.java:1413)
at org.testng.Assert.assertEqualsImpl(Assert.java:149)
at org.testng.Assert.assertEquals(Assert.java:131)
at org.testng.Assert.assertEquals(Assert.java:655)
at org.testng.Assert.assertEquals(Assert.java:665)
at cucumber.framework.runner.siloam.ttddigital.TestTTDPageKombinasiLima.siloam120_validasi_data_tersimpan_dan_form_ter_update(TestTTDPageKombinasiLima.java:130)
at ✽.Siloam120 Validasi Data Tersimpan Dan Form Ter-update(file:///C:/Users/NEXSOFT/Documents/GitHub/TA_SQA/TA-SQUAD-AKP/src/test/resources/Features/Siloam/120UpdateDataSalesLimaKombinasi.feature:16)
]]>
    </failure>
  </testcase> <!-- runScenario -->
  <testcase classname="io.cucumber.testng.AbstractTestNGCucumberTests" name="runScenario" time="12.703">
    <failure type="java.lang.AssertionError" message="expected [Aditya] but found [ADIT]">
      <![CDATA[java.lang.AssertionError: expected [Aditya] but found [ADIT]
at org.testng.Assert.fail(Assert.java:110)
at org.testng.Assert.failNotEquals(Assert.java:1413)
at org.testng.Assert.assertEqualsImpl(Assert.java:149)
at org.testng.Assert.assertEquals(Assert.java:131)
at org.testng.Assert.assertEquals(Assert.java:655)
at org.testng.Assert.assertEquals(Assert.java:665)
at cucumber.framework.runner.siloam.ttddigital.TestTTDPageKombinasiLima.siloam120_validasi_data_tersimpan_dan_form_ter_update(TestTTDPageKombinasiLima.java:130)
at ✽.Siloam120 Validasi Data Tersimpan Dan Form Ter-update(file:///C:/Users/NEXSOFT/Documents/GitHub/TA_SQA/TA-SQUAD-AKP/src/test/resources/Features/Siloam/120UpdateDataSalesLimaKombinasi.feature:16)
]]>
    </failure>
  </testcase> <!-- runScenario -->
  <testcase classname="io.cucumber.testng.AbstractTestNGCucumberTests" name="runScenario" time="11.809">
    <failure type="java.lang.AssertionError" message="expected [Aditya] but found [ADIT]">
      <![CDATA[java.lang.AssertionError: expected [Aditya] but found [ADIT]
at org.testng.Assert.fail(Assert.java:110)
at org.testng.Assert.failNotEquals(Assert.java:1413)
at org.testng.Assert.assertEqualsImpl(Assert.java:149)
at org.testng.Assert.assertEquals(Assert.java:131)
at org.testng.Assert.assertEquals(Assert.java:655)
at org.testng.Assert.assertEquals(Assert.java:665)
at cucumber.framework.runner.siloam.ttddigital.TestTTDPageKombinasiLima.siloam120_validasi_data_tersimpan_dan_form_ter_update(TestTTDPageKombinasiLima.java:130)
at ✽.Siloam120 Validasi Data Tersimpan Dan Form Ter-update(file:///C:/Users/NEXSOFT/Documents/GitHub/TA_SQA/TA-SQUAD-AKP/src/test/resources/Features/Siloam/120UpdateDataSalesLimaKombinasi.feature:16)
]]>
    </failure>
  </testcase> <!-- runScenario -->
  <testcase classname="io.cucumber.testng.AbstractTestNGCucumberTests" name="runScenario" time="12.932">
    <failure type="java.lang.AssertionError" message="expected [Aditya] but found [ADIT]">
      <![CDATA[java.lang.AssertionError: expected [Aditya] but found [ADIT]
at org.testng.Assert.fail(Assert.java:110)
at org.testng.Assert.failNotEquals(Assert.java:1413)
at org.testng.Assert.assertEqualsImpl(Assert.java:149)
at org.testng.Assert.assertEquals(Assert.java:131)
at org.testng.Assert.assertEquals(Assert.java:655)
at org.testng.Assert.assertEquals(Assert.java:665)
at cucumber.framework.runner.siloam.ttddigital.TestTTDPageKombinasiLima.siloam120_validasi_data_tersimpan_dan_form_ter_update(TestTTDPageKombinasiLima.java:130)
at ✽.Siloam120 Validasi Data Tersimpan Dan Form Ter-update(file:///C:/Users/NEXSOFT/Documents/GitHub/TA_SQA/TA-SQUAD-AKP/src/test/resources/Features/Siloam/120UpdateDataSalesLimaKombinasi.feature:16)
]]>
    </failure>
  </testcase> <!-- runScenario -->
  <testcase classname="io.cucumber.testng.AbstractTestNGCucumberTests" name="runScenario" time="13.215">
    <failure type="java.lang.AssertionError" message="expected [Aditya] but found [ADIT]">
      <![CDATA[java.lang.AssertionError: expected [Aditya] but found [ADIT]
at org.testng.Assert.fail(Assert.java:110)
at org.testng.Assert.failNotEquals(Assert.java:1413)
at org.testng.Assert.assertEqualsImpl(Assert.java:149)
at org.testng.Assert.assertEquals(Assert.java:131)
at org.testng.Assert.assertEquals(Assert.java:655)
at org.testng.Assert.assertEquals(Assert.java:665)
at cucumber.framework.runner.siloam.ttddigital.TestTTDPageKombinasiLima.siloam120_validasi_data_tersimpan_dan_form_ter_update(TestTTDPageKombinasiLima.java:130)
at ✽.Siloam120 Validasi Data Tersimpan Dan Form Ter-update(file:///C:/Users/NEXSOFT/Documents/GitHub/TA_SQA/TA-SQUAD-AKP/src/test/resources/Features/Siloam/120UpdateDataSalesLimaKombinasi.feature:16)
]]>
    </failure>
  </testcase> <!-- runScenario -->
  <testcase classname="io.cucumber.testng.AbstractTestNGCucumberTests" name="runScenario" time="10.766">
    <failure type="java.lang.AssertionError" message="expected [Aditya] but found [ADIT]">
      <![CDATA[java.lang.AssertionError: expected [Aditya] but found [ADIT]
at org.testng.Assert.fail(Assert.java:110)
at org.testng.Assert.failNotEquals(Assert.java:1413)
at org.testng.Assert.assertEqualsImpl(Assert.java:149)
at org.testng.Assert.assertEquals(Assert.java:131)
at org.testng.Assert.assertEquals(Assert.java:655)
at org.testng.Assert.assertEquals(Assert.java:665)
at cucumber.framework.runner.siloam.ttddigital.TestTTDPageKombinasiLima.siloam120_validasi_data_tersimpan_dan_form_ter_update(TestTTDPageKombinasiLima.java:130)
at ✽.Siloam120 Validasi Data Tersimpan Dan Form Ter-update(file:///C:/Users/NEXSOFT/Documents/GitHub/TA_SQA/TA-SQUAD-AKP/src/test/resources/Features/Siloam/120UpdateDataSalesLimaKombinasi.feature:16)
]]>
    </failure>
  </testcase> <!-- runScenario -->
  <testcase classname="io.cucumber.testng.AbstractTestNGCucumberTests" name="runScenario" time="9.853">
    <failure type="java.lang.AssertionError" message="expected [Aditya] but found [ADIT]">
      <![CDATA[java.lang.AssertionError: expected [Aditya] but found [ADIT]
at org.testng.Assert.fail(Assert.java:110)
at org.testng.Assert.failNotEquals(Assert.java:1413)
at org.testng.Assert.assertEqualsImpl(Assert.java:149)
at org.testng.Assert.assertEquals(Assert.java:131)
at org.testng.Assert.assertEquals(Assert.java:655)
at org.testng.Assert.assertEquals(Assert.java:665)
at cucumber.framework.runner.siloam.ttddigital.TestTTDPageKombinasiLima.siloam120_validasi_data_tersimpan_dan_form_ter_update(TestTTDPageKombinasiLima.java:130)
at ✽.Siloam120 Validasi Data Tersimpan Dan Form Ter-update(file:///C:/Users/NEXSOFT/Documents/GitHub/TA_SQA/TA-SQUAD-AKP/src/test/resources/Features/Siloam/120UpdateDataSalesLimaKombinasi.feature:16)
]]>
    </failure>
  </testcase> <!-- runScenario -->
  <testcase classname="io.cucumber.testng.AbstractTestNGCucumberTests" name="runScenario" time="13.049">
    <failure type="java.lang.AssertionError" message="expected [Aditya] but found [ADIT]">
      <![CDATA[java.lang.AssertionError: expected [Aditya] but found [ADIT]
at org.testng.Assert.fail(Assert.java:110)
at org.testng.Assert.failNotEquals(Assert.java:1413)
at org.testng.Assert.assertEqualsImpl(Assert.java:149)
at org.testng.Assert.assertEquals(Assert.java:131)
at org.testng.Assert.assertEquals(Assert.java:655)
at org.testng.Assert.assertEquals(Assert.java:665)
at cucumber.framework.runner.siloam.ttddigital.TestTTDPageKombinasiLima.siloam120_validasi_data_tersimpan_dan_form_ter_update(TestTTDPageKombinasiLima.java:130)
at ✽.Siloam120 Validasi Data Tersimpan Dan Form Ter-update(file:///C:/Users/NEXSOFT/Documents/GitHub/TA_SQA/TA-SQUAD-AKP/src/test/resources/Features/Siloam/120UpdateDataSalesLimaKombinasi.feature:16)
]]>
    </failure>
  </testcase> <!-- runScenario -->
  <testcase classname="io.cucumber.testng.AbstractTestNGCucumberTests" name="runScenario" time="14.075">
    <failure type="java.lang.AssertionError" message="expected [Aditya] but found [ADIT]">
      <![CDATA[java.lang.AssertionError: expected [Aditya] but found [ADIT]
at org.testng.Assert.fail(Assert.java:110)
at org.testng.Assert.failNotEquals(Assert.java:1413)
at org.testng.Assert.assertEqualsImpl(Assert.java:149)
at org.testng.Assert.assertEquals(Assert.java:131)
at org.testng.Assert.assertEquals(Assert.java:655)
at org.testng.Assert.assertEquals(Assert.java:665)
at cucumber.framework.runner.siloam.ttddigital.TestTTDPageKombinasiLima.siloam120_validasi_data_tersimpan_dan_form_ter_update(TestTTDPageKombinasiLima.java:130)
at ✽.Siloam120 Validasi Data Tersimpan Dan Form Ter-update(file:///C:/Users/NEXSOFT/Documents/GitHub/TA_SQA/TA-SQUAD-AKP/src/test/resources/Features/Siloam/120UpdateDataSalesLimaKombinasi.feature:16)
]]>
    </failure>
  </testcase> <!-- runScenario -->
  <testcase classname="io.cucumber.testng.AbstractTestNGCucumberTests" name="runScenario" time="14.684">
    <failure type="java.lang.AssertionError" message="expected [Aditya] but found [ADIT]">
      <![CDATA[java.lang.AssertionError: expected [Aditya] but found [ADIT]
at org.testng.Assert.fail(Assert.java:110)
at org.testng.Assert.failNotEquals(Assert.java:1413)
at org.testng.Assert.assertEqualsImpl(Assert.java:149)
at org.testng.Assert.assertEquals(Assert.java:131)
at org.testng.Assert.assertEquals(Assert.java:655)
at org.testng.Assert.assertEquals(Assert.java:665)
at cucumber.framework.runner.siloam.ttddigital.TestTTDPageKombinasiLima.siloam120_validasi_data_tersimpan_dan_form_ter_update(TestTTDPageKombinasiLima.java:130)
at ✽.Siloam120 Validasi Data Tersimpan Dan Form Ter-update(file:///C:/Users/NEXSOFT/Documents/GitHub/TA_SQA/TA-SQUAD-AKP/src/test/resources/Features/Siloam/120UpdateDataSalesLimaKombinasi.feature:16)
]]>
    </failure>
  </testcase> <!-- runScenario -->
  <testcase classname="io.cucumber.testng.AbstractTestNGCucumberTests" name="runScenario" time="12.627">
    <failure type="java.lang.AssertionError" message="expected [Aditya] but found [ADIT]">
      <![CDATA[java.lang.AssertionError: expected [Aditya] but found [ADIT]
at org.testng.Assert.fail(Assert.java:110)
at org.testng.Assert.failNotEquals(Assert.java:1413)
at org.testng.Assert.assertEqualsImpl(Assert.java:149)
at org.testng.Assert.assertEquals(Assert.java:131)
at org.testng.Assert.assertEquals(Assert.java:655)
at org.testng.Assert.assertEquals(Assert.java:665)
at cucumber.framework.runner.siloam.ttddigital.TestTTDPageKombinasiLima.siloam120_validasi_data_tersimpan_dan_form_ter_update(TestTTDPageKombinasiLima.java:130)
at ✽.Siloam120 Validasi Data Tersimpan Dan Form Ter-update(file:///C:/Users/NEXSOFT/Documents/GitHub/TA_SQA/TA-SQUAD-AKP/src/test/resources/Features/Siloam/120UpdateDataSalesLimaKombinasi.feature:16)
]]>
    </failure>
  </testcase> <!-- runScenario -->
  <testcase classname="io.cucumber.testng.AbstractTestNGCucumberTests" name="runScenario" time="15.61">
    <failure type="java.lang.AssertionError" message="expected [Aditya] but found [ADIT]">
      <![CDATA[java.lang.AssertionError: expected [Aditya] but found [ADIT]
at org.testng.Assert.fail(Assert.java:110)
at org.testng.Assert.failNotEquals(Assert.java:1413)
at org.testng.Assert.assertEqualsImpl(Assert.java:149)
at org.testng.Assert.assertEquals(Assert.java:131)
at org.testng.Assert.assertEquals(Assert.java:655)
at org.testng.Assert.assertEquals(Assert.java:665)
at cucumber.framework.runner.siloam.ttddigital.TestTTDPageKombinasiLima.siloam120_validasi_data_tersimpan_dan_form_ter_update(TestTTDPageKombinasiLima.java:130)
at ✽.Siloam120 Validasi Data Tersimpan Dan Form Ter-update(file:///C:/Users/NEXSOFT/Documents/GitHub/TA_SQA/TA-SQUAD-AKP/src/test/resources/Features/Siloam/120UpdateDataSalesLimaKombinasi.feature:16)
]]>
    </failure>
  </testcase> <!-- runScenario -->
  <testcase classname="io.cucumber.testng.AbstractTestNGCucumberTests" name="runScenario" time="13.179">
    <failure type="java.lang.AssertionError" message="expected [Aditya] but found [ADIT]">
      <![CDATA[java.lang.AssertionError: expected [Aditya] but found [ADIT]
at org.testng.Assert.fail(Assert.java:110)
at org.testng.Assert.failNotEquals(Assert.java:1413)
at org.testng.Assert.assertEqualsImpl(Assert.java:149)
at org.testng.Assert.assertEquals(Assert.java:131)
at org.testng.Assert.assertEquals(Assert.java:655)
at org.testng.Assert.assertEquals(Assert.java:665)
at cucumber.framework.runner.siloam.ttddigital.TestTTDPageKombinasiLima.siloam120_validasi_data_tersimpan_dan_form_ter_update(TestTTDPageKombinasiLima.java:130)
at ✽.Siloam120 Validasi Data Tersimpan Dan Form Ter-update(file:///C:/Users/NEXSOFT/Documents/GitHub/TA_SQA/TA-SQUAD-AKP/src/test/resources/Features/Siloam/120UpdateDataSalesLimaKombinasi.feature:16)
]]>
    </failure>
  </testcase> <!-- runScenario -->
  <testcase classname="io.cucumber.testng.AbstractTestNGCucumberTests" name="runScenario" time="14.19">
    <failure type="java.lang.AssertionError" message="expected [Aditya] but found [ADIT]">
      <![CDATA[java.lang.AssertionError: expected [Aditya] but found [ADIT]
at org.testng.Assert.fail(Assert.java:110)
at org.testng.Assert.failNotEquals(Assert.java:1413)
at org.testng.Assert.assertEqualsImpl(Assert.java:149)
at org.testng.Assert.assertEquals(Assert.java:131)
at org.testng.Assert.assertEquals(Assert.java:655)
at org.testng.Assert.assertEquals(Assert.java:665)
at cucumber.framework.runner.siloam.ttddigital.TestTTDPageKombinasiLima.siloam120_validasi_data_tersimpan_dan_form_ter_update(TestTTDPageKombinasiLima.java:130)
at ✽.Siloam120 Validasi Data Tersimpan Dan Form Ter-update(file:///C:/Users/NEXSOFT/Documents/GitHub/TA_SQA/TA-SQUAD-AKP/src/test/resources/Features/Siloam/120UpdateDataSalesLimaKombinasi.feature:16)
]]>
    </failure>
  </testcase> <!-- runScenario -->
  <testcase classname="io.cucumber.testng.AbstractTestNGCucumberTests" name="runScenario" time="12.811">
    <failure type="java.lang.AssertionError" message="expected [Aditya] but found [ADIT]">
      <![CDATA[java.lang.AssertionError: expected [Aditya] but found [ADIT]
at org.testng.Assert.fail(Assert.java:110)
at org.testng.Assert.failNotEquals(Assert.java:1413)
at org.testng.Assert.assertEqualsImpl(Assert.java:149)
at org.testng.Assert.assertEquals(Assert.java:131)
at org.testng.Assert.assertEquals(Assert.java:655)
at org.testng.Assert.assertEquals(Assert.java:665)
at cucumber.framework.runner.siloam.ttddigital.TestTTDPageKombinasiLima.siloam120_validasi_data_tersimpan_dan_form_ter_update(TestTTDPageKombinasiLima.java:130)
at ✽.Siloam120 Validasi Data Tersimpan Dan Form Ter-update(file:///C:/Users/NEXSOFT/Documents/GitHub/TA_SQA/TA-SQUAD-AKP/src/test/resources/Features/Siloam/120UpdateDataSalesLimaKombinasi.feature:16)
]]>
    </failure>
  </testcase> <!-- runScenario -->
  <testcase classname="io.cucumber.testng.AbstractTestNGCucumberTests" name="runScenario" time="14.388">
    <failure type="java.lang.AssertionError" message="expected [Aditya] but found [ADIT]">
      <![CDATA[java.lang.AssertionError: expected [Aditya] but found [ADIT]
at org.testng.Assert.fail(Assert.java:110)
at org.testng.Assert.failNotEquals(Assert.java:1413)
at org.testng.Assert.assertEqualsImpl(Assert.java:149)
at org.testng.Assert.assertEquals(Assert.java:131)
at org.testng.Assert.assertEquals(Assert.java:655)
at org.testng.Assert.assertEquals(Assert.java:665)
at cucumber.framework.runner.siloam.ttddigital.TestTTDPageKombinasiLima.siloam120_validasi_data_tersimpan_dan_form_ter_update(TestTTDPageKombinasiLima.java:130)
at ✽.Siloam120 Validasi Data Tersimpan Dan Form Ter-update(file:///C:/Users/NEXSOFT/Documents/GitHub/TA_SQA/TA-SQUAD-AKP/src/test/resources/Features/Siloam/120UpdateDataSalesLimaKombinasi.feature:16)
]]>
    </failure>
  </testcase> <!-- runScenario -->
  <testcase classname="io.cucumber.testng.AbstractTestNGCucumberTests" name="runScenario" time="19.296"/>
  <testcase classname="io.cucumber.testng.AbstractTestNGCucumberTests" name="runScenario" time="18.824"/>
  <testcase classname="io.cucumber.testng.AbstractTestNGCucumberTests" name="runScenario" time="18.481"/>
  <testcase classname="io.cucumber.testng.AbstractTestNGCucumberTests" name="runScenario" time="18.476"/>
  <testcase classname="io.cucumber.testng.AbstractTestNGCucumberTests" name="runScenario" time="16.315"/>
  <testcase classname="io.cucumber.testng.AbstractTestNGCucumberTests" name="runScenario" time="18.202"/>
  <testcase classname="io.cucumber.testng.AbstractTestNGCucumberTests" name="runScenario" time="19.181"/>
  <testcase classname="io.cucumber.testng.AbstractTestNGCucumberTests" name="runScenario" time="17.944"/>
  <testcase classname="io.cucumber.testng.AbstractTestNGCucumberTests" name="runScenario" time="21.372"/>
  <testcase classname="io.cucumber.testng.AbstractTestNGCucumberTests" name="runScenario" time="18.455"/>
  <testcase classname="io.cucumber.testng.AbstractTestNGCucumberTests" name="runScenario" time="19.114"/>
  <testcase classname="io.cucumber.testng.AbstractTestNGCucumberTests" name="runScenario" time="20.155"/>
  <testcase classname="io.cucumber.testng.AbstractTestNGCucumberTests" name="runScenario" time="19.563"/>
  <testcase classname="io.cucumber.testng.AbstractTestNGCucumberTests" name="runScenario" time="18.148"/>
  <testcase classname="io.cucumber.testng.AbstractTestNGCucumberTests" name="runScenario" time="19.182"/>
  <testcase classname="io.cucumber.testng.AbstractTestNGCucumberTests" name="runScenario" time="18.984"/>
  <testcase classname="io.cucumber.testng.AbstractTestNGCucumberTests" name="runScenario" time="16.238"/>
  <testcase classname="io.cucumber.testng.AbstractTestNGCucumberTests" name="runScenario" time="19.238"/>
  <testcase classname="io.cucumber.testng.AbstractTestNGCucumberTests" name="runScenario" time="17.708"/>
  <testcase classname="io.cucumber.testng.AbstractTestNGCucumberTests" name="runScenario" time="19.755"/>
  <testcase classname="io.cucumber.testng.AbstractTestNGCucumberTests" name="runScenario" time="19.144"/>
  <testcase classname="io.cucumber.testng.AbstractTestNGCucumberTests" name="runScenario" time="7.339"/>
  <testcase classname="io.cucumber.testng.AbstractTestNGCucumberTests" name="runScenario" time="6.786"/>
  <testcase classname="io.cucumber.testng.AbstractTestNGCucumberTests" name="runScenario" time="7.84"/>
  <testcase classname="io.cucumber.testng.AbstractTestNGCucumberTests" name="runScenario" time="6.961"/>
  <testcase classname="io.cucumber.testng.AbstractTestNGCucumberTests" name="runScenario" time="6.964"/>
  <testcase classname="io.cucumber.testng.AbstractTestNGCucumberTests" name="runScenario" time="7.03"/>
  <testcase classname="io.cucumber.testng.AbstractTestNGCucumberTests" name="runScenario" time="7.094"/>
  <testcase classname="io.cucumber.testng.AbstractTestNGCucumberTests" name="runScenario" time="10.312"/>
  <testcase classname="io.cucumber.testng.AbstractTestNGCucumberTests" name="runScenario" time="9.339"/>
  <testcase classname="io.cucumber.testng.AbstractTestNGCucumberTests" name="runScenario" time="9.471"/>
  <testcase classname="io.cucumber.testng.AbstractTestNGCucumberTests" name="runScenario" time="9.571"/>
  <testcase classname="io.cucumber.testng.AbstractTestNGCucumberTests" name="runScenario" time="10.143"/>
  <testcase classname="io.cucumber.testng.AbstractTestNGCucumberTests" name="runScenario" time="9.89"/>
  <testcase classname="io.cucumber.testng.AbstractTestNGCucumberTests" name="runScenario" time="9.261"/>
  <testcase classname="io.cucumber.testng.AbstractTestNGCucumberTests" name="runScenario" time="8.827"/>
  <testcase classname="io.cucumber.testng.AbstractTestNGCucumberTests" name="runScenario" time="9.602"/>
  <testcase classname="io.cucumber.testng.AbstractTestNGCucumberTests" name="runScenario" time="9.337"/>
  <testcase classname="io.cucumber.testng.AbstractTestNGCucumberTests" name="runScenario" time="7.361"/>
  <testcase classname="io.cucumber.testng.AbstractTestNGCucumberTests" name="runScenario" time="11.42"/>
  <testcase classname="io.cucumber.testng.AbstractTestNGCucumberTests" name="runScenario" time="11.691"/>
  <testcase classname="io.cucumber.testng.AbstractTestNGCucumberTests" name="runScenario" time="12.278"/>
  <testcase classname="io.cucumber.testng.AbstractTestNGCucumberTests" name="runScenario" time="12.999"/>
  <testcase classname="io.cucumber.testng.AbstractTestNGCucumberTests" name="runScenario" time="11.496"/>
  <testcase classname="io.cucumber.testng.AbstractTestNGCucumberTests" name="runScenario" time="11.667"/>
  <testcase classname="io.cucumber.testng.AbstractTestNGCucumberTests" name="runScenario" time="11.379"/>
  <testcase classname="io.cucumber.testng.AbstractTestNGCucumberTests" name="runScenario" time="12.215"/>
  <testcase classname="io.cucumber.testng.AbstractTestNGCucumberTests" name="runScenario" time="12.134"/>
  <testcase classname="io.cucumber.testng.AbstractTestNGCucumberTests" name="runScenario" time="13.043"/>
  <testcase classname="io.cucumber.testng.AbstractTestNGCucumberTests" name="runScenario" time="8.022"/>
  <testcase classname="io.cucumber.testng.AbstractTestNGCucumberTests" name="runScenario" time="14.861"/>
  <testcase classname="io.cucumber.testng.AbstractTestNGCucumberTests" name="runScenario" time="14.272"/>
  <testcase classname="io.cucumber.testng.AbstractTestNGCucumberTests" name="runScenario" time="14.214"/>
  <testcase classname="io.cucumber.testng.AbstractTestNGCucumberTests" name="runScenario" time="22.349"/>
  <testcase classname="io.cucumber.testng.AbstractTestNGCucumberTests" name="runScenario" time="13.517"/>
  <testcase classname="io.cucumber.testng.AbstractTestNGCucumberTests" name="runScenario" time="6.645"/>
  <testcase classname="io.cucumber.testng.AbstractTestNGCucumberTests" name="runScenario" time="17.465"/>
  <testcase classname="io.cucumber.testng.AbstractTestNGCucumberTests" name="runScenario" time="7.008"/>
  <testcase classname="io.cucumber.testng.AbstractTestNGCucumberTests" name="runScenario" time="4.692"/>
  <testcase classname="io.cucumber.testng.AbstractTestNGCucumberTests" name="runScenario" time="6.494"/>
  <testcase classname="io.cucumber.testng.AbstractTestNGCucumberTests" name="runScenario" time="4.637"/>
  <testcase classname="io.cucumber.testng.AbstractTestNGCucumberTests" name="runScenario" time="29.77"/>
  <testcase classname="io.cucumber.testng.AbstractTestNGCucumberTests" name="runScenario" time="26.996"/>
  <testcase classname="io.cucumber.testng.AbstractTestNGCucumberTests" name="runScenario" time="24.873"/>
  <testcase classname="io.cucumber.testng.AbstractTestNGCucumberTests" name="runScenario" time="27.009"/>
  <testcase classname="io.cucumber.testng.AbstractTestNGCucumberTests" name="runScenario" time="28.955"/>
  <testcase classname="io.cucumber.testng.AbstractTestNGCucumberTests" name="runScenario" time="26.683"/>
  <testcase classname="io.cucumber.testng.AbstractTestNGCucumberTests" name="runScenario" time="9.28"/>
</testsuite> <!-- Default test -->
