<?xml version="1.0" encoding="UTF-8"?>
<testng-results ignored="0" total="3" passed="3" failed="0" skipped="0">
  <reporter-output>
  </reporter-output>
  <suite started-at="2022-10-03T00:08:21 WIB" name="Default suite" finished-at="2022-10-03T00:09:07 WIB" duration-ms="46199">
    <groups>
      <group name="cucumber">
        <method signature="AbstractTestNGCucumberTests.runScenario(io.cucumber.testng.PickleWrapper,io.cucumber.testng.FeatureWrapper)[pri:0, instance:cucumber.framework.runner.siloam.formreturnpage.FormReturnRunner@68c9133c]" name="runScenario" class="io.cucumber.testng.AbstractTestNGCucumberTests"/>
      </group> <!-- cucumber -->
    </groups>
    <test started-at="2022-10-03T00:08:21 WIB" name="Default test" finished-at="2022-10-03T00:09:07 WIB" duration-ms="46199">
      <class name="cucumber.framework.runner.siloam.formreturnpage.FormReturnRunner">
        <test-method is-config="true" signature="setUpClass(org.testng.ITestContext)[pri:0, instance:cucumber.framework.runner.siloam.formreturnpage.FormReturnRunner@68c9133c]" started-at="2022-10-03T00:08:21 WIB" name="setUpClass" finished-at="2022-10-03T00:08:21 WIB" duration-ms="749" status="PASS">
          <params>
            <param index="0">
              <value>
                <![CDATA[org.testng.TestRunner@1753475d]]>
              </value>
            </param>
          </params>
          <reporter-output>
          </reporter-output>
        </test-method> <!-- setUpClass -->
        <test-method signature="runScenario(io.cucumber.testng.PickleWrapper,io.cucumber.testng.FeatureWrapper)[pri:0, instance:cucumber.framework.runner.siloam.formreturnpage.FormReturnRunner@68c9133c]" started-at="2022-10-03T00:08:21 WIB" name="runScenario" description="Runs Cucumber Scenarios" data-provider="scenarios" finished-at="2022-10-03T00:08:39 WIB" duration-ms="17401" status="PASS">
          <params>
            <param index="0">
              <value>
                <![CDATA["Siloam090 Form Return Sales Show Page Dua Puluh Lima"]]>
              </value>
            </param>
            <param index="1">
              <value>
                <![CDATA["Form Return Sales Filter"]]>
              </value>
            </param>
          </params>
          <reporter-output>
          </reporter-output>
        </test-method> <!-- runScenario -->
        <test-method signature="runScenario(io.cucumber.testng.PickleWrapper,io.cucumber.testng.FeatureWrapper)[pri:0, instance:cucumber.framework.runner.siloam.formreturnpage.FormReturnRunner@68c9133c]" started-at="2022-10-03T00:08:39 WIB" name="runScenario" description="Runs Cucumber Scenarios" data-provider="scenarios" finished-at="2022-10-03T00:08:53 WIB" duration-ms="14041" status="PASS">
          <params>
            <param index="0">
              <value>
                <![CDATA["Siloam090 Form Return Sales Show Page Dua Puluh Lima Next"]]>
              </value>
            </param>
            <param index="1">
              <value>
                <![CDATA["Form Return Sales Filter"]]>
              </value>
            </param>
          </params>
          <reporter-output>
          </reporter-output>
        </test-method> <!-- runScenario -->
        <test-method signature="runScenario(io.cucumber.testng.PickleWrapper,io.cucumber.testng.FeatureWrapper)[pri:0, instance:cucumber.framework.runner.siloam.formreturnpage.FormReturnRunner@68c9133c]" started-at="2022-10-03T00:08:53 WIB" name="runScenario" description="Runs Cucumber Scenarios" data-provider="scenarios" finished-at="2022-10-03T00:09:05 WIB" duration-ms="12444" status="PASS">
          <params>
            <param index="0">
              <value>
                <![CDATA["Siloam090 Form Return Sales Show Page Dua Puluh Lima Previous"]]>
              </value>
            </param>
            <param index="1">
              <value>
                <![CDATA["Form Return Sales Filter"]]>
              </value>
            </param>
          </params>
          <reporter-output>
          </reporter-output>
        </test-method> <!-- runScenario -->
        <test-method is-config="true" signature="tearDownClass()[pri:0, instance:cucumber.framework.runner.siloam.formreturnpage.FormReturnRunner@68c9133c]" started-at="2022-10-03T00:09:05 WIB" name="tearDownClass" finished-at="2022-10-03T00:09:07 WIB" duration-ms="1506" status="PASS">
          <reporter-output>
          </reporter-output>
        </test-method> <!-- tearDownClass -->
      </class> <!-- cucumber.framework.runner.siloam.formreturnpage.FormReturnRunner -->
    </test> <!-- Default test -->
  </suite> <!-- Default suite -->
</testng-results>
