<?xml version="1.0" encoding="UTF-8"?>
<testng-results ignored="0" total="8" passed="8" failed="0" skipped="0">
  <reporter-output>
  </reporter-output>
  <suite started-at="2022-09-30T23:44:27 WIB" name="Default suite" finished-at="2022-09-30T23:47:09 WIB" duration-ms="161491">
    <groups>
      <group name="cucumber">
        <method signature="AbstractTestNGCucumberTests.runScenario(io.cucumber.testng.PickleWrapper,io.cucumber.testng.FeatureWrapper)[pri:0, instance:cucumber.framework.runner.siloam.viewexportpage.ViewExportRunner@68c9133c]" name="runScenario" class="io.cucumber.testng.AbstractTestNGCucumberTests"/>
      </group> <!-- cucumber -->
    </groups>
    <test started-at="2022-09-30T23:44:27 WIB" name="Default test" finished-at="2022-09-30T23:47:09 WIB" duration-ms="161491">
      <class name="cucumber.framework.runner.siloam.viewexportpage.ViewExportRunner">
        <test-method is-config="true" signature="setUpClass(org.testng.ITestContext)[pri:0, instance:cucumber.framework.runner.siloam.viewexportpage.ViewExportRunner@68c9133c]" started-at="2022-09-30T23:44:27 WIB" name="setUpClass" finished-at="2022-09-30T23:44:28 WIB" duration-ms="542" status="PASS">
          <params>
            <param index="0">
              <value>
                <![CDATA[org.testng.TestRunner@915d7c4]]>
              </value>
            </param>
          </params>
          <reporter-output>
          </reporter-output>
        </test-method> <!-- setUpClass -->
        <test-method signature="runScenario(io.cucumber.testng.PickleWrapper,io.cucumber.testng.FeatureWrapper)[pri:0, instance:cucumber.framework.runner.siloam.viewexportpage.ViewExportRunner@68c9133c]" started-at="2022-09-30T23:44:28 WIB" name="runScenario" description="Runs Cucumber Scenarios" data-provider="scenarios" finished-at="2022-09-30T23:44:41 WIB" duration-ms="12869" status="PASS">
          <params>
            <param index="0">
              <value>
                <![CDATA["Siloam020 Admin Memasukkan Start Date End Date Tekan Filter"]]>
              </value>
            </param>
            <param index="1">
              <value>
                <![CDATA["Admin Melihat Data Karyawan"]]>
              </value>
            </param>
          </params>
          <reporter-output>
          </reporter-output>
        </test-method> <!-- runScenario -->
        <test-method signature="runScenario(io.cucumber.testng.PickleWrapper,io.cucumber.testng.FeatureWrapper)[pri:0, instance:cucumber.framework.runner.siloam.viewexportpage.ViewExportRunner@68c9133c]" started-at="2022-09-30T23:44:41 WIB" name="runScenario" description="Runs Cucumber Scenarios" data-provider="scenarios" finished-at="2022-09-30T23:44:58 WIB" duration-ms="17415" status="PASS">
          <params>
            <param index="0">
              <value>
                <![CDATA["Siloam025 Admin Tekan Refresh"]]>
              </value>
            </param>
            <param index="1">
              <value>
                <![CDATA["Admin Melakukan Refresh"]]>
              </value>
            </param>
          </params>
          <reporter-output>
          </reporter-output>
        </test-method> <!-- runScenario -->
        <test-method signature="runScenario(io.cucumber.testng.PickleWrapper,io.cucumber.testng.FeatureWrapper)[pri:0, instance:cucumber.framework.runner.siloam.viewexportpage.ViewExportRunner@68c9133c]" started-at="2022-09-30T23:44:58 WIB" name="runScenario" description="Runs Cucumber Scenarios" data-provider="scenarios" finished-at="2022-09-30T23:45:19 WIB" duration-ms="21110" status="PASS">
          <params>
            <param index="0">
              <value>
                <![CDATA["Siloam030 Admin Tekan Download"]]>
              </value>
            </param>
            <param index="1">
              <value>
                <![CDATA["Admin Melakukan Download"]]>
              </value>
            </param>
          </params>
          <reporter-output>
          </reporter-output>
        </test-method> <!-- runScenario -->
        <test-method signature="runScenario(io.cucumber.testng.PickleWrapper,io.cucumber.testng.FeatureWrapper)[pri:0, instance:cucumber.framework.runner.siloam.viewexportpage.ViewExportRunner@68c9133c]" started-at="2022-09-30T23:45:19 WIB" name="runScenario" description="Runs Cucumber Scenarios" data-provider="scenarios" finished-at="2022-09-30T23:45:40 WIB" duration-ms="20628" status="PASS">
          <params>
            <param index="0">
              <value>
                <![CDATA["Siloam035 Admin Tekan Export"]]>
              </value>
            </param>
            <param index="1">
              <value>
                <![CDATA["Admin Melakukan Export"]]>
              </value>
            </param>
          </params>
          <reporter-output>
          </reporter-output>
        </test-method> <!-- runScenario -->
        <test-method signature="runScenario(io.cucumber.testng.PickleWrapper,io.cucumber.testng.FeatureWrapper)[pri:0, instance:cucumber.framework.runner.siloam.viewexportpage.ViewExportRunner@68c9133c]" started-at="2022-09-30T23:45:40 WIB" name="runScenario" description="Runs Cucumber Scenarios" data-provider="scenarios" finished-at="2022-09-30T23:45:53 WIB" duration-ms="12782" status="PASS">
          <params>
            <param index="0">
              <value>
                <![CDATA["Siloam040 Admin Menekan View"]]>
              </value>
            </param>
            <param index="1">
              <value>
                <![CDATA["Admin Menekan View"]]>
              </value>
            </param>
          </params>
          <reporter-output>
          </reporter-output>
        </test-method> <!-- runScenario -->
        <test-method signature="runScenario(io.cucumber.testng.PickleWrapper,io.cucumber.testng.FeatureWrapper)[pri:0, instance:cucumber.framework.runner.siloam.viewexportpage.ViewExportRunner@68c9133c]" started-at="2022-09-30T23:45:53 WIB" name="runScenario" description="Runs Cucumber Scenarios" data-provider="scenarios" finished-at="2022-09-30T23:45:58 WIB" duration-ms="5519" status="PASS">
          <params>
            <param index="0">
              <value>
                <![CDATA["Siloam045 Admin Menekan Back"]]>
              </value>
            </param>
            <param index="1">
              <value>
                <![CDATA["Admin Menekan Tombol Back"]]>
              </value>
            </param>
          </params>
          <reporter-output>
          </reporter-output>
        </test-method> <!-- runScenario -->
        <test-method signature="runScenario(io.cucumber.testng.PickleWrapper,io.cucumber.testng.FeatureWrapper)[pri:0, instance:cucumber.framework.runner.siloam.viewexportpage.ViewExportRunner@68c9133c]" started-at="2022-09-30T23:45:58 WIB" name="runScenario" description="Runs Cucumber Scenarios" data-provider="scenarios" finished-at="2022-09-30T23:46:26 WIB" duration-ms="27486" status="PASS">
          <params>
            <param index="0">
              <value>
                <![CDATA["Siloam050 Admin Menekan Preview Data"]]>
              </value>
            </param>
            <param index="1">
              <value>
                <![CDATA["Admin Menekan Preview Data"]]>
              </value>
            </param>
          </params>
          <reporter-output>
          </reporter-output>
        </test-method> <!-- runScenario -->
        <test-method signature="runScenario(io.cucumber.testng.PickleWrapper,io.cucumber.testng.FeatureWrapper)[pri:0, instance:cucumber.framework.runner.siloam.viewexportpage.ViewExportRunner@68c9133c]" started-at="2022-09-30T23:46:26 WIB" name="runScenario" description="Runs Cucumber Scenarios" data-provider="scenarios" finished-at="2022-09-30T23:47:07 WIB" duration-ms="41696" status="PASS">
          <params>
            <param index="0">
              <value>
                <![CDATA["Siloam065 Admin Tekan PDF Agreement"]]>
              </value>
            </param>
            <param index="1">
              <value>
                <![CDATA["Admin Menekan Link PDF Agreement"]]>
              </value>
            </param>
          </params>
          <reporter-output>
          </reporter-output>
        </test-method> <!-- runScenario -->
        <test-method is-config="true" signature="tearDownClass()[pri:0, instance:cucumber.framework.runner.siloam.viewexportpage.ViewExportRunner@68c9133c]" started-at="2022-09-30T23:47:07 WIB" name="tearDownClass" finished-at="2022-09-30T23:47:09 WIB" duration-ms="1399" status="PASS">
          <reporter-output>
          </reporter-output>
        </test-method> <!-- tearDownClass -->
      </class> <!-- cucumber.framework.runner.siloam.viewexportpage.ViewExportRunner -->
    </test> <!-- Default test -->
  </suite> <!-- Default suite -->
</testng-results>
