<?xml version="1.0" encoding="UTF-8"?>
<!-- Generated by org.testng.reporters.JUnitReportReporter -->
<testsuite hostname="DESKTOP-KFF6RM1" failures="1" tests="18" name="cucumber.framework.runner.siloam.viewexportpageoutline.ViewExportRunnerOutline" time="327.986" errors="0" timestamp="2022-10-08T10:17:30 WIB" skipped="0">
  <testcase classname="cucumber.framework.runner.siloam.viewexportpageoutline.ViewExportRunnerOutline" name="runScenario" time="14.307"/>
  <system-out/>
  <testcase classname="cucumber.framework.runner.siloam.viewexportpageoutline.ViewExportRunnerOutline" name="runScenario" time="13.973"/>
  <system-out/>
  <testcase classname="cucumber.framework.runner.siloam.viewexportpageoutline.ViewExportRunnerOutline" name="runScenario" time="11.633"/>
  <system-out/>
  <testcase classname="cucumber.framework.runner.siloam.viewexportpageoutline.ViewExportRunnerOutline" name="runScenario" time="47.387"/>
  <system-out/>
  <testcase classname="cucumber.framework.runner.siloam.viewexportpageoutline.ViewExportRunnerOutline" name="runScenario" time="14.610"/>
  <system-out/>
  <testcase classname="cucumber.framework.runner.siloam.viewexportpageoutline.ViewExportRunnerOutline" name="runScenario" time="11.491"/>
  <system-out/>
  <testcase classname="cucumber.framework.runner.siloam.viewexportpageoutline.ViewExportRunnerOutline" name="runScenario" time="22.374"/>
  <system-out/>
  <testcase classname="cucumber.framework.runner.siloam.viewexportpageoutline.ViewExportRunnerOutline" name="runScenario" time="9.427"/>
  <system-out/>
  <testcase classname="cucumber.framework.runner.siloam.viewexportpageoutline.ViewExportRunnerOutline" name="runScenario" time="7.793"/>
  <system-out/>
  <testcase classname="cucumber.framework.runner.siloam.viewexportpageoutline.ViewExportRunnerOutline" name="runScenario" time="16.153"/>
  <system-out/>
  <testcase classname="cucumber.framework.runner.siloam.viewexportpageoutline.ViewExportRunnerOutline" name="runScenario" time="11.837"/>
  <system-out/>
  <testcase classname="cucumber.framework.runner.siloam.viewexportpageoutline.ViewExportRunnerOutline" name="runScenario" time="28.458"/>
  <system-out/>
  <testcase classname="cucumber.framework.runner.siloam.viewexportpageoutline.ViewExportRunnerOutline" name="runScenario" time="6.971"/>
  <system-out/>
  <testcase classname="cucumber.framework.runner.siloam.viewexportpageoutline.ViewExportRunnerOutline" name="runScenario" time="34.110">
    <failure message="expected [false] but found [true]" type="java.lang.AssertionError">
      <![CDATA[java.lang.AssertionError: expected [false] but found [true]
at org.testng.Assert.fail(Assert.java:110)
at org.testng.Assert.failNotEquals(Assert.java:1413)
at org.testng.Assert.assertFalse(Assert.java:78)
at org.testng.Assert.assertFalse(Assert.java:88)
at cucumber.framework.runner.siloam.viewexportpageoutline.TestPreviewData.siloam050_validasi_data_pada_dokumen_pdf(TestPreviewData.java:79)
at ✽.Siloam050 Validasi Data Pada Dokumen PDF(file:///C:/Users/NEXSOFT/Documents/GitHub/TA_SQA/TA-SQUAD-AKP/src/test/resources/Features/Siloam/050AdminMenekanPreviewData.feature:11)
]]>
    </failure>
  </testcase> <!-- runScenario -->
  <system-out/>
  <testcase classname="cucumber.framework.runner.siloam.viewexportpageoutline.ViewExportRunnerOutline" name="runScenario" time="18.081"/>
  <system-out/>
  <testcase classname="cucumber.framework.runner.siloam.viewexportpageoutline.ViewExportRunnerOutline" name="runScenario" time="6.035"/>
  <system-out/>
  <testcase classname="cucumber.framework.runner.siloam.viewexportpageoutline.ViewExportRunnerOutline" name="runScenario" time="30.603"/>
  <system-out/>
  <testcase classname="cucumber.framework.runner.siloam.viewexportpageoutline.ViewExportRunnerOutline" name="runScenario" time="22.743"/>
  <system-out/>
</testsuite> <!-- cucumber.framework.runner.siloam.viewexportpageoutline.ViewExportRunnerOutline -->
