<?xml version="1.0" encoding="UTF-8"?>
<!-- Generated by org.testng.reporters.JUnitReportReporter -->
<testsuite hostname="DESKTOP-KFF6RM1" failures="1" tests="8" name="cucumber.framework.runner.siloam.viewexportpage.ViewExportRunner" time="172.086" errors="0" timestamp="2022-10-01T11:07:28 WIB" skipped="0">
  <testcase classname="cucumber.framework.runner.siloam.viewexportpage.ViewExportRunner" name="runScenario" time="14.413"/>
  <system-out/>
  <testcase classname="cucumber.framework.runner.siloam.viewexportpage.ViewExportRunner" name="runScenario" time="24.242">
    <failure message="expected [false] but found [true]" type="java.lang.AssertionError">
      <![CDATA[java.lang.AssertionError: expected [false] but found [true]
at org.testng.Assert.fail(Assert.java:110)
at org.testng.Assert.failNotEquals(Assert.java:1413)
at org.testng.Assert.assertFalse(Assert.java:78)
at org.testng.Assert.assertFalse(Assert.java:88)
at cucumber.framework.runner.siloam.viewexportpage.TestDownload.siloam030_validasi_an_uncaught_exception_was_encountered(TestDownload.java:58)
at ✽.Siloam030 Validasi An uncaught Exception was encountered(file:///C:/Users/NEXSOFT/Documents/GitHub/TA_SQA/TA-SQUAD-AKP/src/test/resources/Features/Siloam/030AdminMelakukanDownload.feature:11)
]]>
    </failure>
  </testcase> <!-- runScenario -->
  <system-out/>
  <testcase classname="cucumber.framework.runner.siloam.viewexportpage.ViewExportRunner" name="runScenario" time="5.921"/>
  <system-out/>
  <testcase classname="cucumber.framework.runner.siloam.viewexportpage.ViewExportRunner" name="runScenario" time="42.518"/>
  <system-out/>
  <testcase classname="cucumber.framework.runner.siloam.viewexportpage.ViewExportRunner" name="runScenario" time="28.927"/>
  <system-out/>
  <testcase classname="cucumber.framework.runner.siloam.viewexportpage.ViewExportRunner" name="runScenario" time="19.160"/>
  <system-out/>
  <testcase classname="cucumber.framework.runner.siloam.viewexportpage.ViewExportRunner" name="runScenario" time="14.311"/>
  <system-out/>
  <testcase classname="cucumber.framework.runner.siloam.viewexportpage.ViewExportRunner" name="runScenario" time="22.594"/>
  <system-out/>
</testsuite> <!-- cucumber.framework.runner.siloam.viewexportpage.ViewExportRunner -->
